\BOOKMARK [1][-]{section.1}{Categories in Linear Logic}{}% 1
\BOOKMARK [2][-]{subsection.1.1}{The Category of Derivations}{section.1}% 2
\BOOKMARK [2][-]{subsection.1.2}{The Category of Propositions}{section.1}% 3
\BOOKMARK [2][-]{subsection.1.3}{The Relation between Der and Prop}{section.1}% 4
\BOOKMARK [1][-]{section.2}{Linear Logic and Co-Design}{}% 5
\BOOKMARK [2][-]{subsection.2.1}{Basic Definitions}{section.2}% 6
\BOOKMARK [2][-]{subsection.2.2}{Sites to Structure}{section.2}% 7
\BOOKMARK [2][-]{subsection.2.3}{Currying Queries}{section.2}% 8
\BOOKMARK [2][-]{subsection.2.4}{Bool-Posets}{section.2}% 9
\BOOKMARK [2][-]{subsection.2.5}{Queries in PosBool}{section.2}% 10
\BOOKMARK [3][-]{subsubsection.2.5.1}{Generalized Querying}{subsection.2.5}% 11
\BOOKMARK [3][-]{subsubsection.2.5.2}{The Generalized Query Functor}{subsection.2.5}% 12
\BOOKMARK [2][-]{subsection.2.6}{Queries as Universal Objects in PosBool}{section.2}% 13
\BOOKMARK [3][-]{subsubsection.2.6.1}{Describing Other Queries}{subsection.2.6}% 14
\BOOKMARK [1][-]{section.3}{Proslice Q-Categories}{}% 15
\BOOKMARK [2][-]{subsection.3.1}{Quantales}{section.3}% 16
\BOOKMARK [2][-]{subsection.3.2}{Proslice Construction}{section.3}% 17
\BOOKMARK [3][-]{subsubsection.3.2.1}{Relation to Profunctor Collage}{subsection.3.2}% 18
\BOOKMARK [3][-]{subsubsection.3.2.2}{Relation to Order on Profunctors}{subsection.3.2}% 19
\BOOKMARK [2][-]{subsection.3.3}{Properties of Prof\(Q\) V}{section.3}% 20
\BOOKMARK [3][-]{subsubsection.3.3.1}{Tensor product}{subsection.3.3}% 21
\BOOKMARK [2][-]{subsection.3.4}{Proslice Bool-Categories}{section.3}% 22
\BOOKMARK [3][-]{subsubsection.3.4.1}{Symmetric Monoidal Structure}{subsection.3.4}% 23
\BOOKMARK [1][-]{section.4}{Bundles}{}% 24
\BOOKMARK [2][-]{subsection.4.1}{The Setting}{section.4}% 25
\BOOKMARK [2][-]{subsection.4.2}{Agnostic Choice}{section.4}% 26
\BOOKMARK [3][-]{subsubsection.4.2.1}{2-Bundles}{subsection.4.2}% 27
\BOOKMARK [3][-]{subsubsection.4.2.2}{n-Bundles}{subsection.4.2}% 28
\BOOKMARK [3][-]{subsubsection.4.2.3}{Substitution Rules}{subsection.4.2}% 29
\BOOKMARK [3][-]{subsubsection.4.2.4}{Debt}{subsection.4.2}% 30
\BOOKMARK [3][-]{subsubsection.4.2.5}{Free Bundles}{subsection.4.2}% 31
